# JRE version: Java(TM) SE Runtime Environment (17.0.12+8) (build 17.0.12+8-LTS-286)
# Java VM: Java HotSpot(TM) 64-Bit Server VM (17.0.12+8-LTS-286, mixed mode, sharing, tiered, compressed oops, compressed class ptrs, g1 gc, windows-amd64)
GC Precious Log:
 CPUs: 4 total, 4 available
 Memory: 3992M
 Large Page Support: Disabled
 NUMA Support: Disabled
 Compressed Oops: Enabled (32-bit)
 Heap Region Size: 1M
 Heap Min Capacity: 8M
 Heap Initial Capacity: 64M
 Heap Max Capacity: 1000M
 Pre-touch: Disabled
 Parallel Workers: 4
 Concurrent Workers: 1
 Concurrent Refinement Workers: 4
 Periodic GC: Disabled
Heap:
 garbage-first heap   total 136192K, used 100213K [0x00000000c1800000, 0x0000000100000000)
  region size 1024K, 28 young (28672K), 3 survivors (3072K)
 Metaspace       used 70353K, committed 70656K, reserved 1114112K
  class space    used 7769K, committed 7872K, reserved 1048576K
GC Heap History (20 events):
Event: 9.271 GC heap before
{Heap before GC invocations=11 (full 0):
 garbage-first heap   total 109568K, used 79947K [0x00000000c1800000, 0x0000000100000000)
  region size 1024K, 42 young (43008K), 2 survivors (2048K)
 Metaspace       used 40337K, committed 40576K, reserved 1114112K
  class space    used 4873K, committed 4992K, reserved 1048576K
}
Event: 9.294 GC heap after
{Heap after GC invocations=12 (full 0):
 garbage-first heap   total 109568K, used 48514K [0x00000000c1800000, 0x0000000100000000)
  region size 1024K, 6 young (6144K), 6 survivors (6144K)
 Metaspace       used 40337K, committed 40576K, reserved 1114112K
  class space    used 4873K, committed 4992K, reserved 1048576K
}
Event: 11.261 GC heap before
{Heap before GC invocations=12 (full 0):
 garbage-first heap   total 109568K, used 80258K [0x00000000c1800000, 0x0000000100000000)
  region size 1024K, 37 young (37888K), 6 survivors (6144K)
 Metaspace       used 44609K, committed 44864K, reserved 1114112K
  class space    used 5323K, committed 5440K, reserved 1048576K
}
Event: 11.300 GC heap after
{Heap after GC invocations=13 (full 0):
 garbage-first heap   total 109568K, used 54272K [0x00000000c1800000, 0x0000000100000000)
  region size 1024K, 5 young (5120K), 5 survivors (5120K)
 Metaspace       used 44609K, committed 44864K, reserved 1114112K
  class space    used 5323K, committed 5440K, reserved 1048576K
}
Event: 13.246 GC heap before
{Heap before GC invocations=13 (full 0):
 garbage-first heap   total 109568K, used 82944K [0x00000000c1800000, 0x0000000100000000)
  region size 1024K, 33 young (33792K), 5 survivors (5120K)
 Metaspace       used 46429K, committed 46720K, reserved 1114112K
  class space    used 5539K, committed 5632K, reserved 1048576K
}
Event: 13.283 GC heap after
{Heap after GC invocations=14 (full 0):
 garbage-first heap   total 109568K, used 60416K [0x00000000c1800000, 0x0000000100000000)
  region size 1024K, 5 young (5120K), 5 survivors (5120K)
 Metaspace       used 46429K, committed 46720K, reserved 1114112K
  class space    used 5539K, committed 5632K, reserved 1048576K
}
Event: 15.838 GC heap before
{Heap before GC invocations=14 (full 0):
 garbage-first heap   total 109568K, used 83968K [0x00000000c1800000, 0x0000000100000000)
  region size 1024K, 28 young (28672K), 5 survivors (5120K)
 Metaspace       used 47570K, committed 47808K, reserved 1114112K
  class space    used 5598K, committed 5696K, reserved 1048576K
}
Event: 15.879 GC heap after
{Heap after GC invocations=15 (full 0):
 garbage-first heap   total 109568K, used 65024K [0x00000000c1800000, 0x0000000100000000)
  region size 1024K, 4 young (4096K), 4 survivors (4096K)
 Metaspace       used 47570K, committed 47808K, reserved 1114112K
  class space    used 5598K, committed 5696K, reserved 1048576K
}
Event: 19.519 GC heap before
{Heap before GC invocations=16 (full 0):
 garbage-first heap   total 111616K, used 84480K [0x00000000c1800000, 0x0000000100000000)
  region size 1024K, 24 young (24576K), 4 survivors (4096K)
 Metaspace       used 49466K, committed 49792K, reserved 1114112K
  class space    used 5708K, committed 5824K, reserved 1048576K
}
Event: 19.544 GC heap after
{Heap after GC invocations=17 (full 0):
 garbage-first heap   total 111616K, used 67584K [0x00000000c1800000, 0x0000000100000000)
  region size 1024K, 3 young (3072K), 3 survivors (3072K)
 Metaspace       used 49466K, committed 49792K, reserved 1114112K
  class space    used 5708K, committed 5824K, reserved 1048576K
}
Event: 19.697 GC heap before
{Heap before GC invocations=17 (full 0):
 garbage-first heap   total 111616K, used 69632K [0x00000000c1800000, 0x0000000100000000)
  region size 1024K, 5 young (5120K), 3 survivors (3072K)
 Metaspace       used 49896K, committed 50176K, reserved 1114112K
  class space    used 5778K, committed 5888K, reserved 1048576K
}
Event: 19.710 GC heap after
{Heap after GC invocations=18 (full 0):
 garbage-first heap   total 111616K, used 67635K [0x00000000c1800000, 0x0000000100000000)
  region size 1024K, 1 young (1024K), 1 survivors (1024K)
 Metaspace       used 49896K, committed 50176K, reserved 1114112K
  class space    used 5778K, committed 5888K, reserved 1048576K
}
Event: 23.787 GC heap before
{Heap before GC invocations=18 (full 0):
 garbage-first heap   total 111616K, used 88115K [0x00000000c1800000, 0x0000000100000000)
  region size 1024K, 21 young (21504K), 1 survivors (1024K)
 Metaspace       used 52044K, committed 52416K, reserved 1114112K
  class space    used 5947K, committed 6080K, reserved 1048576K
}
Event: 23.802 GC heap after
{Heap after GC invocations=19 (full 0):
 garbage-first heap   total 136192K, used 69747K [0x00000000c1800000, 0x0000000100000000)
  region size 1024K, 3 young (3072K), 3 survivors (3072K)
 Metaspace       used 52044K, committed 52416K, reserved 1114112K
  class space    used 5947K, committed 6080K, reserved 1048576K
}
Event: 28.331 GC heap before
{Heap before GC invocations=20 (full 0):
 garbage-first heap   total 136192K, used 103539K [0x00000000c1800000, 0x0000000100000000)
  region size 1024K, 36 young (36864K), 3 survivors (3072K)
 Metaspace       used 58662K, committed 58944K, reserved 1114112K
  class space    used 6554K, committed 6656K, reserved 1048576K
}
Event: 28.347 GC heap after
{Heap after GC invocations=21 (full 0):
 garbage-first heap   total 136192K, used 73281K [0x00000000c1800000, 0x0000000100000000)
  region size 1024K, 5 young (5120K), 5 survivors (5120K)
 Metaspace       used 58662K, committed 58944K, reserved 1114112K
  class space    used 6554K, committed 6656K, reserved 1048576K
}
Event: 28.505 GC heap before
{Heap before GC invocations=21 (full 0):
 garbage-first heap   total 136192K, used 74305K [0x00000000c1800000, 0x0000000100000000)
  region size 1024K, 6 young (6144K), 5 survivors (5120K)
 Metaspace       used 58682K, committed 58944K, reserved 1114112K
  class space    used 6554K, committed 6656K, reserved 1048576K
}
Event: 28.518 GC heap after
{Heap after GC invocations=22 (full 0):
 garbage-first heap   total 136192K, used 73443K [0x00000000c1800000, 0x0000000100000000)
  region size 1024K, 1 young (1024K), 1 survivors (1024K)
 Metaspace       used 58682K, committed 58944K, reserved 1114112K
  class space    used 6554K, committed 6656K, reserved 1048576K
}
Event: 30.464 GC heap before
{Heap before GC invocations=22 (full 0):
 garbage-first heap   total 136192K, used 106211K [0x00000000c1800000, 0x0000000100000000)
  region size 1024K, 33 young (33792K), 1 survivors (1024K)
 Metaspace       used 64711K, committed 64960K, reserved 1114112K
  class space    used 7274K, committed 7360K, reserved 1048576K
}
Event: 30.472 GC heap after
{Heap after GC invocations=23 (full 0):
 garbage-first heap   total 136192K, used 75637K [0x00000000c1800000, 0x0000000100000000)
  region size 1024K, 3 young (3072K), 3 survivors (3072K)
 Metaspace       used 64711K, committed 64960K, reserved 1114112K
  class space    used 7274K, committed 7360K, reserved 1048576K
}

